{
  "stats": {
    "suites": 2,
    "tests": 2,
    "passes": 2,
    "pending": 0,
    "failures": 0,
    "start": "2025-07-14T08:54:24.156Z",
    "end": "2025-07-14T08:55:30.452Z",
    "duration": 66296,
    "testsRegistered": 2,
    "passPercent": 100,
    "pendingPercent": 0,
    "other": 0,
    "hasOther": false,
    "skipped": 0,
    "hasSkipped": false
  },
  "results": [
    {
      "uuid": "b34daf10-db8f-46a2-adc1-374702a812e6",
      "title": "",
      "fullFile": "tests\\cypress\\integration\\users\\DeleteUsers.cy.js",
      "file": "tests\\cypress\\integration\\users\\DeleteUsers.cy.js",
      "beforeHooks": [],
      "afterHooks": [],
      "tests": [],
      "suites": [
        {
          "uuid": "0bdb6019-2a30-478a-a24b-45ac6bd631bd",
          "title": "Validate delete user account",
          "fullFile": "",
          "file": "",
          "beforeHooks": [],
          "afterHooks": [],
          "tests": [
            {
              "title": "User can delete Account",
              "fullTitle": "Validate delete user account User can delete Account",
              "timedOut": null,
              "duration": 36036,
              "state": "passed",
              "speed": "slow",
              "pass": true,
              "fail": false,
              "pending": false,
              "context": null,
              "code": "//fill form\ncy.create();\ncy.user();\n//Assert\ncy.get('p').should('be.visible');\ncy.get('p').contains('Data Berhasil Ditambahkan');\ncy.contains('tr', 'budi').within(() => {\n  cy.get('[data-id=delete]').click();\n});\ncy.get('.swal-button').contains('OK').should(\"be.visible\").click();\n//Assert\ncy.get('p').should('be.visible').contains('User Deleted Successfully');",
              "err": {},
              "uuid": "402e43b4-8b40-44db-b189-53b9432c0c87",
              "parentUUID": "0bdb6019-2a30-478a-a24b-45ac6bd631bd",
              "isHook": false,
              "skipped": false
            }
          ],
          "suites": [],
          "passes": [
            "402e43b4-8b40-44db-b189-53b9432c0c87"
          ],
          "failures": [],
          "pending": [],
          "skipped": [],
          "duration": 36036,
          "root": false,
          "rootEmpty": false,
          "_timeout": 2000
        },
        {
          "uuid": "c46c34d8-0919-4290-ace7-6d01864e8c6d",
          "title": "Invalidate delete user account",
          "fullFile": "",
          "file": "",
          "beforeHooks": [],
          "afterHooks": [],
          "tests": [
            {
              "title": "User can cancle delete account",
              "fullTitle": "Invalidate delete user account User can cancle delete account",
              "timedOut": null,
              "duration": 29005,
              "state": "passed",
              "speed": "slow",
              "pass": true,
              "fail": false,
              "pending": false,
              "context": null,
              "code": "//fill form\ncy.create();\ncy.user();\ncy.contains('tr', 'budi').within(() => {\n  cy.get('[data-id=delete]').click();\n});\ncy.get('.swal-button').contains('Cancel').should(\"be.visible\").click();\n//Assert\ncy.get('.section-header').should('be.visible').contains('h1', 'User List');",
              "err": {},
              "uuid": "f9c3541a-3654-4b6f-bee6-cb0e418bb7cd",
              "parentUUID": "c46c34d8-0919-4290-ace7-6d01864e8c6d",
              "isHook": false,
              "skipped": false
            }
          ],
          "suites": [],
          "passes": [
            "f9c3541a-3654-4b6f-bee6-cb0e418bb7cd"
          ],
          "failures": [],
          "pending": [],
          "skipped": [],
          "duration": 29005,
          "root": false,
          "rootEmpty": false,
          "_timeout": 2000
        }
      ],
      "passes": [],
      "failures": [],
      "pending": [],
      "skipped": [],
      "duration": 0,
      "root": true,
      "rootEmpty": true,
      "_timeout": 2000
    }
  ],
  "meta": {
    "mocha": {
      "version": "7.0.1"
    },
    "mochawesome": {
      "options": {
        "quiet": false,
        "reportFilename": "[name].html",
        "saveHtml": true,
        "saveJson": true,
        "consoleReporter": "spec",
        "useInlineDiffs": false,
        "code": true
      },
      "version": "7.1.3"
    },
    "marge": {
      "options": {
        "charts": true,
        "overwrite": false,
        "html": true,
        "json": true,
        "reportDir": "tests/cypress/reports",
        "reportFilename": "[name].html"
      },
      "version": "6.2.0"
    }
  }
}