{
  "stats": {
    "suites": 2,
    "tests": 6,
    "passes": 6,
    "pending": 0,
    "failures": 0,
    "start": "2025-07-14T08:55:32.456Z",
    "end": "2025-07-14T08:58:12.019Z",
    "duration": 159563,
    "testsRegistered": 6,
    "passPercent": 100,
    "pendingPercent": 0,
    "other": 0,
    "hasOther": false,
    "skipped": 0,
    "hasSkipped": false
  },
  "results": [
    {
      "uuid": "c79dd7f6-acc8-4d8c-b6b8-47418c90a8b3",
      "title": "",
      "fullFile": "tests\\cypress\\integration\\users\\EditUsers.cy.js",
      "file": "tests\\cypress\\integration\\users\\EditUsers.cy.js",
      "beforeHooks": [],
      "afterHooks": [],
      "tests": [],
      "suites": [
        {
          "uuid": "b267dc28-7fcf-40d9-93bc-3f63f42311ce",
          "title": "Valid edit account",
          "fullFile": "",
          "file": "",
          "beforeHooks": [],
          "afterHooks": [],
          "tests": [
            {
              "title": "User can edit username",
              "fullTitle": "Valid edit account User can edit username",
              "timedOut": null,
              "duration": 29764,
              "state": "passed",
              "speed": "slow",
              "pass": true,
              "fail": false,
              "pending": false,
              "context": null,
              "code": "cy.contains('tr', 'user').within(() => {\n  cy.contains('Edit').click();\n});\ncy.get('[data-id=\"name\"]', {\n  timeout: 50000\n}).should('not.be.disabled') // pastikan tidak disabled dulu\n.clear().type('cindiana');\ncy.contains('button', 'Submit').click();\n//Assertion\ncy.get('p').should('be.visible');\ncy.get('p').contains('User Berhasil Diupdate');",
              "err": {},
              "uuid": "67949a5f-af06-418f-8b77-434806665439",
              "parentUUID": "b267dc28-7fcf-40d9-93bc-3f63f42311ce",
              "isHook": false,
              "skipped": false
            },
            {
              "title": "User can edit email",
              "fullTitle": "Valid edit account User can edit email",
              "timedOut": null,
              "duration": 23407,
              "state": "passed",
              "speed": "slow",
              "pass": true,
              "fail": false,
              "pending": false,
              "context": null,
              "code": "cy.contains('tr', 'user').within(() => {\n  cy.contains('Edit').click();\n});\ncy.get('#email').clear().type('cindiana21@gmail.com');\ncy.contains('button', 'Submit').click();\n//Assertion\ncy.get('p').should('be.visible');\ncy.get('p').contains('User Berhasil Diupdate');",
              "err": {},
              "uuid": "e1fd034f-6550-40ea-aeff-20066939fc09",
              "parentUUID": "b267dc28-7fcf-40d9-93bc-3f63f42311ce",
              "isHook": false,
              "skipped": false
            },
            {
              "title": "User can edit username & email",
              "fullTitle": "Valid edit account User can edit username & email",
              "timedOut": null,
              "duration": 33719,
              "state": "passed",
              "speed": "slow",
              "pass": true,
              "fail": false,
              "pending": false,
              "context": null,
              "code": "cy.contains('tr', 'user').within(() => {\n  cy.contains('Edit').click();\n});\n//fill form\ncy.get('[data-id=\"name\"]', {\n  timeout: 50000\n}).should('not.be.disabled').clear().type('cindiana');\ncy.get('#email').clear().type('cindiana21@gmail.com');\n//button submit\ncy.contains('button', 'Submit').click();\n//Assertion\ncy.get('p').should('be.visible');\ncy.get('p').contains('User Berhasil Diupdate');",
              "err": {},
              "uuid": "2ec58b99-3ac2-4617-9b2f-412a371a54ac",
              "parentUUID": "b267dc28-7fcf-40d9-93bc-3f63f42311ce",
              "isHook": false,
              "skipped": false
            }
          ],
          "suites": [],
          "passes": [
            "67949a5f-af06-418f-8b77-434806665439",
            "e1fd034f-6550-40ea-aeff-20066939fc09",
            "2ec58b99-3ac2-4617-9b2f-412a371a54ac"
          ],
          "failures": [],
          "pending": [],
          "skipped": [],
          "duration": 86890,
          "root": false,
          "rootEmpty": false,
          "_timeout": 2000
        },
        {
          "uuid": "8b3b20a6-670f-4f45-aaa4-be601f048468",
          "title": "Invalid Edit Account",
          "fullFile": "",
          "file": "",
          "beforeHooks": [],
          "afterHooks": [],
          "tests": [
            {
              "title": "User cannot edit with empty field username",
              "fullTitle": "Invalid Edit Account User cannot edit with empty field username",
              "timedOut": null,
              "duration": 23333,
              "state": "passed",
              "speed": "slow",
              "pass": true,
              "fail": false,
              "pending": false,
              "context": null,
              "code": "cy.contains('tr', 'user').within(() => {\n  cy.contains('Edit').click();\n});\ncy.get('[data-id=\"name\"]').clear();\ncy.get('#email').clear().type('cindiana21@gmail.com');\n//button submit\ncy.contains('button', 'Submit').click();\n//Assertion\ncy.get('.invalid-feedback').should('be.visible');\ncy.get('.invalid-feedback').contains('The name field is required.');",
              "err": {},
              "uuid": "8ce01559-9d8a-4704-aeeb-4f01fa268125",
              "parentUUID": "8b3b20a6-670f-4f45-aaa4-be601f048468",
              "isHook": false,
              "skipped": false
            },
            {
              "title": "User cannot edit with empty field email",
              "fullTitle": "Invalid Edit Account User cannot edit with empty field email",
              "timedOut": null,
              "duration": 23307,
              "state": "passed",
              "speed": "slow",
              "pass": true,
              "fail": false,
              "pending": false,
              "context": null,
              "code": "cy.contains('tr', 'user').within(() => {\n  cy.contains('Edit').click();\n});\ncy.get('[data-id=\"name\"]').clear().type('cindiana');\ncy.get('#email').clear();\n//button submit\ncy.contains('button', 'Submit').click();\n//Assertion\ncy.get('.invalid-feedback').should('be.visible');\ncy.get('.invalid-feedback').contains('The email field is required.');",
              "err": {},
              "uuid": "77b15347-4e8a-45cb-af6e-19a5f48b2e06",
              "parentUUID": "8b3b20a6-670f-4f45-aaa4-be601f048468",
              "isHook": false,
              "skipped": false
            },
            {
              "title": "User cannot edit with empty field username & email",
              "fullTitle": "Invalid Edit Account User cannot edit with empty field username & email",
              "timedOut": null,
              "duration": 25189,
              "state": "passed",
              "speed": "slow",
              "pass": true,
              "fail": false,
              "pending": false,
              "context": null,
              "code": "cy.contains('tr', 'user').within(() => {\n  cy.contains('Edit').click();\n});\ncy.get('[data-id=\"name\"]').clear();\ncy.get('#email').clear();\n//button submit\ncy.contains('button', 'Submit').click();\n//Assertion\ncy.get('.invalid-feedback').should('be.visible');\ncy.get('.invalid-feedback').contains('The name field is required.');\ncy.get('.invalid-feedback').contains('The email field is required.');",
              "err": {},
              "uuid": "2e9d7dfb-d217-406c-a2e9-95c946672a13",
              "parentUUID": "8b3b20a6-670f-4f45-aaa4-be601f048468",
              "isHook": false,
              "skipped": false
            }
          ],
          "suites": [],
          "passes": [
            "8ce01559-9d8a-4704-aeeb-4f01fa268125",
            "77b15347-4e8a-45cb-af6e-19a5f48b2e06",
            "2e9d7dfb-d217-406c-a2e9-95c946672a13"
          ],
          "failures": [],
          "pending": [],
          "skipped": [],
          "duration": 71829,
          "root": false,
          "rootEmpty": false,
          "_timeout": 2000
        }
      ],
      "passes": [],
      "failures": [],
      "pending": [],
      "skipped": [],
      "duration": 0,
      "root": true,
      "rootEmpty": true,
      "_timeout": 2000
    }
  ],
  "meta": {
    "mocha": {
      "version": "7.0.1"
    },
    "mochawesome": {
      "options": {
        "quiet": false,
        "reportFilename": "[name].html",
        "saveHtml": true,
        "saveJson": true,
        "consoleReporter": "spec",
        "useInlineDiffs": false,
        "code": true
      },
      "version": "7.1.3"
    },
    "marge": {
      "options": {
        "charts": true,
        "overwrite": false,
        "html": true,
        "json": true,
        "reportDir": "tests/cypress/reports",
        "reportFilename": "[name].html"
      },
      "version": "6.2.0"
    }
  }
}