{
  "stats": {
    "suites": 5,
    "tests": 22,
    "passes": 22,
    "pending": 0,
    "failures": 0,
    "testsRegistered": 22,
    "passPercent": 100,
    "pendingPercent": 0,
    "other": 0,
    "hasOther": false,
    "skipped": 0,
    "hasSkipped": false,
    "start": "2025-07-14T08:50:31.852Z",
    "end": "2025-07-14T08:58:12.019Z",
    "duration": 460167
  },
  "results": [
    {
      "uuid": "2225563c-604f-4ac1-b5c5-899b18ffa1c0",
      "title": "",
      "fullFile": "tests\\cypress\\integration\\users\\CreateUsers.cy.js",
      "file": "tests\\cypress\\integration\\users\\CreateUsers.cy.js",
      "beforeHooks": [],
      "afterHooks": [],
      "tests": [],
      "suites": [
        {
          "uuid": "40af2ee2-f86a-4050-8d13-f252802fd4ca",
          "title": "Valid create account",
          "fullFile": "",
          "file": "",
          "beforeHooks": [],
          "afterHooks": [],
          "tests": [
            {
              "title": "User can Create new Account",
              "fullTitle": "Valid create account User can Create new Account",
              "timedOut": null,
              "duration": 29189,
              "state": "passed",
              "speed": "slow",
              "pass": true,
              "fail": false,
              "pending": false,
              "context": null,
              "code": "cy.create();\n//fill form\ncy.get('[id=\"name\"]').type('budi');\ncy.get('[id=\"email\"]').type('budi@gmail.com');\ncy.get('[id=\"password\"]').type('Asqweqwe');\ncy.contains('Submit').click();\n//Assert\ncy.get('p').should('be.visible');\ncy.get('p').contains('Data Berhasil Ditambahkan');",
              "err": {},
              "uuid": "a66ad7fa-b686-4399-afdc-b6c13e1b8c2f",
              "parentUUID": "40af2ee2-f86a-4050-8d13-f252802fd4ca",
              "isHook": false,
              "skipped": false
            }
          ],
          "suites": [],
          "passes": [
            "a66ad7fa-b686-4399-afdc-b6c13e1b8c2f"
          ],
          "failures": [],
          "pending": [],
          "skipped": [],
          "duration": 29189,
          "root": false,
          "rootEmpty": false,
          "_timeout": 2000
        },
        {
          "uuid": "2f7c6c40-6171-41e6-8b4b-d2bf593e20ba",
          "title": "Invalid Create Account",
          "fullFile": "",
          "file": "",
          "beforeHooks": [],
          "afterHooks": [],
          "tests": [
            {
              "title": "user cannot create account with multiple email",
              "fullTitle": "Invalid Create Account user cannot create account with multiple email",
              "timedOut": null,
              "duration": 24037,
              "state": "passed",
              "speed": "slow",
              "pass": true,
              "fail": false,
              "pending": false,
              "context": null,
              "code": "cy.create();\n//fill form\ncy.get('[id=\"name\"]').type('user');\ncy.get('[id=\"email\"]').type('user@gmail.com');\ncy.get('[id=\"password\"]').type('Asqweqwe');\ncy.contains('Submit').click();\n//Assert\ncy.get('.invalid-feedback').should('be.visible');\ncy.get('.invalid-feedback').contains('The email has already been taken.');",
              "err": {},
              "uuid": "4b6db48a-4abd-4688-ac80-5ca284e4b114",
              "parentUUID": "2f7c6c40-6171-41e6-8b4b-d2bf593e20ba",
              "isHook": false,
              "skipped": false
            },
            {
              "title": "user cannot create account with field name blank is empty",
              "fullTitle": "Invalid Create Account user cannot create account with field name blank is empty",
              "timedOut": null,
              "duration": 24012,
              "state": "passed",
              "speed": "slow",
              "pass": true,
              "fail": false,
              "pending": false,
              "context": null,
              "code": "cy.create();\n//fill form\ncy.get('[id=\"email\"]').type('user@gmail.com');\ncy.get('[id=\"password\"]').type('Asqweqwe');\ncy.contains('Submit').click();\n//Assert\ncy.get('.invalid-feedback').should('be.visible');\ncy.get('.invalid-feedback').contains('The name field is required.');",
              "err": {},
              "uuid": "9fc6fe33-919e-4a4d-8480-b86d7670c9a9",
              "parentUUID": "2f7c6c40-6171-41e6-8b4b-d2bf593e20ba",
              "isHook": false,
              "skipped": false
            },
            {
              "title": "user cannot create account with field email blank is empty",
              "fullTitle": "Invalid Create Account user cannot create account with field email blank is empty",
              "timedOut": null,
              "duration": 27125,
              "state": "passed",
              "speed": "slow",
              "pass": true,
              "fail": false,
              "pending": false,
              "context": null,
              "code": "cy.create();\n//fill form\ncy.get('[id=\"name\"]').type('user');\ncy.get('[id=\"password\"]').type('Asqweqwe');\ncy.contains('Submit').click();\n//Assert\ncy.get('.invalid-feedback').should('be.visible');\ncy.get('.invalid-feedback').contains('The email field is required.');",
              "err": {},
              "uuid": "9ac09837-ad20-426d-b4ac-2547666d2d9c",
              "parentUUID": "2f7c6c40-6171-41e6-8b4b-d2bf593e20ba",
              "isHook": false,
              "skipped": false
            },
            {
              "title": "user cannot create account with field password blank is empty",
              "fullTitle": "Invalid Create Account user cannot create account with field password blank is empty",
              "timedOut": null,
              "duration": 25941,
              "state": "passed",
              "speed": "slow",
              "pass": true,
              "fail": false,
              "pending": false,
              "context": null,
              "code": "cy.create();\n//fill form\ncy.get('[id=\"name\"]').type('user');\ncy.get('[id=\"email\"]').type('user@gmail.com');\ncy.contains('Submit').click();\n//Assert\ncy.get('.invalid-feedback').should('be.visible');\ncy.get('.invalid-feedback').contains('The password field is required.');",
              "err": {},
              "uuid": "488b2466-579f-4ed0-92d5-bc66ec5e9d44",
              "parentUUID": "2f7c6c40-6171-41e6-8b4b-d2bf593e20ba",
              "isHook": false,
              "skipped": false
            },
            {
              "title": "user cannot create account with all field blank is empty",
              "fullTitle": "Invalid Create Account user cannot create account with all field blank is empty",
              "timedOut": null,
              "duration": 23532,
              "state": "passed",
              "speed": "slow",
              "pass": true,
              "fail": false,
              "pending": false,
              "context": null,
              "code": "cy.create();\ncy.contains('Submit').click();\n//Assert\ncy.get('.invalid-feedback').should('be.visible');\ncy.get('.invalid-feedback').contains('The name field is required.');\ncy.get('.invalid-feedback').contains('The email field is required.');\ncy.get('.invalid-feedback').contains('The password field is required.');",
              "err": {},
              "uuid": "0915fa9a-e304-48b8-84f5-9ad0247294cf",
              "parentUUID": "2f7c6c40-6171-41e6-8b4b-d2bf593e20ba",
              "isHook": false,
              "skipped": false
            }
          ],
          "suites": [],
          "passes": [
            "4b6db48a-4abd-4688-ac80-5ca284e4b114",
            "9fc6fe33-919e-4a4d-8480-b86d7670c9a9",
            "9ac09837-ad20-426d-b4ac-2547666d2d9c",
            "488b2466-579f-4ed0-92d5-bc66ec5e9d44",
            "0915fa9a-e304-48b8-84f5-9ad0247294cf"
          ],
          "failures": [],
          "pending": [],
          "skipped": [],
          "duration": 124647,
          "root": false,
          "rootEmpty": false,
          "_timeout": 2000
        }
      ],
      "passes": [],
      "failures": [],
      "pending": [],
      "skipped": [],
      "duration": 0,
      "root": true,
      "rootEmpty": true,
      "_timeout": 2000
    },
    {
      "uuid": "b34daf10-db8f-46a2-adc1-374702a812e6",
      "title": "",
      "fullFile": "tests\\cypress\\integration\\users\\DeleteUsers.cy.js",
      "file": "tests\\cypress\\integration\\users\\DeleteUsers.cy.js",
      "beforeHooks": [],
      "afterHooks": [],
      "tests": [],
      "suites": [
        {
          "uuid": "0bdb6019-2a30-478a-a24b-45ac6bd631bd",
          "title": "Validate delete user account",
          "fullFile": "",
          "file": "",
          "beforeHooks": [],
          "afterHooks": [],
          "tests": [
            {
              "title": "User can delete Account",
              "fullTitle": "Validate delete user account User can delete Account",
              "timedOut": null,
              "duration": 36036,
              "state": "passed",
              "speed": "slow",
              "pass": true,
              "fail": false,
              "pending": false,
              "context": null,
              "code": "//fill form\ncy.create();\ncy.user();\n//Assert\ncy.get('p').should('be.visible');\ncy.get('p').contains('Data Berhasil Ditambahkan');\ncy.contains('tr', 'budi').within(() => {\n  cy.get('[data-id=delete]').click();\n});\ncy.get('.swal-button').contains('OK').should(\"be.visible\").click();\n//Assert\ncy.get('p').should('be.visible').contains('User Deleted Successfully');",
              "err": {},
              "uuid": "402e43b4-8b40-44db-b189-53b9432c0c87",
              "parentUUID": "0bdb6019-2a30-478a-a24b-45ac6bd631bd",
              "isHook": false,
              "skipped": false
            }
          ],
          "suites": [],
          "passes": [
            "402e43b4-8b40-44db-b189-53b9432c0c87"
          ],
          "failures": [],
          "pending": [],
          "skipped": [],
          "duration": 36036,
          "root": false,
          "rootEmpty": false,
          "_timeout": 2000
        },
        {
          "uuid": "c46c34d8-0919-4290-ace7-6d01864e8c6d",
          "title": "Invalidate delete user account",
          "fullFile": "",
          "file": "",
          "beforeHooks": [],
          "afterHooks": [],
          "tests": [
            {
              "title": "User can cancle delete account",
              "fullTitle": "Invalidate delete user account User can cancle delete account",
              "timedOut": null,
              "duration": 29005,
              "state": "passed",
              "speed": "slow",
              "pass": true,
              "fail": false,
              "pending": false,
              "context": null,
              "code": "//fill form\ncy.create();\ncy.user();\ncy.contains('tr', 'budi').within(() => {\n  cy.get('[data-id=delete]').click();\n});\ncy.get('.swal-button').contains('Cancel').should(\"be.visible\").click();\n//Assert\ncy.get('.section-header').should('be.visible').contains('h1', 'User List');",
              "err": {},
              "uuid": "f9c3541a-3654-4b6f-bee6-cb0e418bb7cd",
              "parentUUID": "c46c34d8-0919-4290-ace7-6d01864e8c6d",
              "isHook": false,
              "skipped": false
            }
          ],
          "suites": [],
          "passes": [
            "f9c3541a-3654-4b6f-bee6-cb0e418bb7cd"
          ],
          "failures": [],
          "pending": [],
          "skipped": [],
          "duration": 29005,
          "root": false,
          "rootEmpty": false,
          "_timeout": 2000
        }
      ],
      "passes": [],
      "failures": [],
      "pending": [],
      "skipped": [],
      "duration": 0,
      "root": true,
      "rootEmpty": true,
      "_timeout": 2000
    },
    {
      "uuid": "c79dd7f6-acc8-4d8c-b6b8-47418c90a8b3",
      "title": "",
      "fullFile": "tests\\cypress\\integration\\users\\EditUsers.cy.js",
      "file": "tests\\cypress\\integration\\users\\EditUsers.cy.js",
      "beforeHooks": [],
      "afterHooks": [],
      "tests": [],
      "suites": [
        {
          "uuid": "b267dc28-7fcf-40d9-93bc-3f63f42311ce",
          "title": "Valid edit account",
          "fullFile": "",
          "file": "",
          "beforeHooks": [],
          "afterHooks": [],
          "tests": [
            {
              "title": "User can edit username",
              "fullTitle": "Valid edit account User can edit username",
              "timedOut": null,
              "duration": 29764,
              "state": "passed",
              "speed": "slow",
              "pass": true,
              "fail": false,
              "pending": false,
              "context": null,
              "code": "cy.contains('tr', 'user').within(() => {\n  cy.contains('Edit').click();\n});\ncy.get('[data-id=\"name\"]', {\n  timeout: 50000\n}).should('not.be.disabled') // pastikan tidak disabled dulu\n.clear().type('cindiana');\ncy.contains('button', 'Submit').click();\n//Assertion\ncy.get('p').should('be.visible');\ncy.get('p').contains('User Berhasil Diupdate');",
              "err": {},
              "uuid": "67949a5f-af06-418f-8b77-434806665439",
              "parentUUID": "b267dc28-7fcf-40d9-93bc-3f63f42311ce",
              "isHook": false,
              "skipped": false
            },
            {
              "title": "User can edit email",
              "fullTitle": "Valid edit account User can edit email",
              "timedOut": null,
              "duration": 23407,
              "state": "passed",
              "speed": "slow",
              "pass": true,
              "fail": false,
              "pending": false,
              "context": null,
              "code": "cy.contains('tr', 'user').within(() => {\n  cy.contains('Edit').click();\n});\ncy.get('#email').clear().type('cindiana21@gmail.com');\ncy.contains('button', 'Submit').click();\n//Assertion\ncy.get('p').should('be.visible');\ncy.get('p').contains('User Berhasil Diupdate');",
              "err": {},
              "uuid": "e1fd034f-6550-40ea-aeff-20066939fc09",
              "parentUUID": "b267dc28-7fcf-40d9-93bc-3f63f42311ce",
              "isHook": false,
              "skipped": false
            },
            {
              "title": "User can edit username & email",
              "fullTitle": "Valid edit account User can edit username & email",
              "timedOut": null,
              "duration": 33719,
              "state": "passed",
              "speed": "slow",
              "pass": true,
              "fail": false,
              "pending": false,
              "context": null,
              "code": "cy.contains('tr', 'user').within(() => {\n  cy.contains('Edit').click();\n});\n//fill form\ncy.get('[data-id=\"name\"]', {\n  timeout: 50000\n}).should('not.be.disabled').clear().type('cindiana');\ncy.get('#email').clear().type('cindiana21@gmail.com');\n//button submit\ncy.contains('button', 'Submit').click();\n//Assertion\ncy.get('p').should('be.visible');\ncy.get('p').contains('User Berhasil Diupdate');",
              "err": {},
              "uuid": "2ec58b99-3ac2-4617-9b2f-412a371a54ac",
              "parentUUID": "b267dc28-7fcf-40d9-93bc-3f63f42311ce",
              "isHook": false,
              "skipped": false
            }
          ],
          "suites": [],
          "passes": [
            "67949a5f-af06-418f-8b77-434806665439",
            "e1fd034f-6550-40ea-aeff-20066939fc09",
            "2ec58b99-3ac2-4617-9b2f-412a371a54ac"
          ],
          "failures": [],
          "pending": [],
          "skipped": [],
          "duration": 86890,
          "root": false,
          "rootEmpty": false,
          "_timeout": 2000
        },
        {
          "uuid": "8b3b20a6-670f-4f45-aaa4-be601f048468",
          "title": "Invalid Edit Account",
          "fullFile": "",
          "file": "",
          "beforeHooks": [],
          "afterHooks": [],
          "tests": [
            {
              "title": "User cannot edit with empty field username",
              "fullTitle": "Invalid Edit Account User cannot edit with empty field username",
              "timedOut": null,
              "duration": 23333,
              "state": "passed",
              "speed": "slow",
              "pass": true,
              "fail": false,
              "pending": false,
              "context": null,
              "code": "cy.contains('tr', 'user').within(() => {\n  cy.contains('Edit').click();\n});\ncy.get('[data-id=\"name\"]').clear();\ncy.get('#email').clear().type('cindiana21@gmail.com');\n//button submit\ncy.contains('button', 'Submit').click();\n//Assertion\ncy.get('.invalid-feedback').should('be.visible');\ncy.get('.invalid-feedback').contains('The name field is required.');",
              "err": {},
              "uuid": "8ce01559-9d8a-4704-aeeb-4f01fa268125",
              "parentUUID": "8b3b20a6-670f-4f45-aaa4-be601f048468",
              "isHook": false,
              "skipped": false
            },
            {
              "title": "User cannot edit with empty field email",
              "fullTitle": "Invalid Edit Account User cannot edit with empty field email",
              "timedOut": null,
              "duration": 23307,
              "state": "passed",
              "speed": "slow",
              "pass": true,
              "fail": false,
              "pending": false,
              "context": null,
              "code": "cy.contains('tr', 'user').within(() => {\n  cy.contains('Edit').click();\n});\ncy.get('[data-id=\"name\"]').clear().type('cindiana');\ncy.get('#email').clear();\n//button submit\ncy.contains('button', 'Submit').click();\n//Assertion\ncy.get('.invalid-feedback').should('be.visible');\ncy.get('.invalid-feedback').contains('The email field is required.');",
              "err": {},
              "uuid": "77b15347-4e8a-45cb-af6e-19a5f48b2e06",
              "parentUUID": "8b3b20a6-670f-4f45-aaa4-be601f048468",
              "isHook": false,
              "skipped": false
            },
            {
              "title": "User cannot edit with empty field username & email",
              "fullTitle": "Invalid Edit Account User cannot edit with empty field username & email",
              "timedOut": null,
              "duration": 25189,
              "state": "passed",
              "speed": "slow",
              "pass": true,
              "fail": false,
              "pending": false,
              "context": null,
              "code": "cy.contains('tr', 'user').within(() => {\n  cy.contains('Edit').click();\n});\ncy.get('[data-id=\"name\"]').clear();\ncy.get('#email').clear();\n//button submit\ncy.contains('button', 'Submit').click();\n//Assertion\ncy.get('.invalid-feedback').should('be.visible');\ncy.get('.invalid-feedback').contains('The name field is required.');\ncy.get('.invalid-feedback').contains('The email field is required.');",
              "err": {},
              "uuid": "2e9d7dfb-d217-406c-a2e9-95c946672a13",
              "parentUUID": "8b3b20a6-670f-4f45-aaa4-be601f048468",
              "isHook": false,
              "skipped": false
            }
          ],
          "suites": [],
          "passes": [
            "8ce01559-9d8a-4704-aeeb-4f01fa268125",
            "77b15347-4e8a-45cb-af6e-19a5f48b2e06",
            "2e9d7dfb-d217-406c-a2e9-95c946672a13"
          ],
          "failures": [],
          "pending": [],
          "skipped": [],
          "duration": 71829,
          "root": false,
          "rootEmpty": false,
          "_timeout": 2000
        }
      ],
      "passes": [],
      "failures": [],
      "pending": [],
      "skipped": [],
      "duration": 0,
      "root": true,
      "rootEmpty": true,
      "_timeout": 2000
    },
    {
      "uuid": "25470011-f526-4a2a-928e-cfa28d5c5491",
      "title": "",
      "fullFile": "tests\\cypress\\integration\\auth\\loginTestCase.cy.js",
      "file": "tests\\cypress\\integration\\auth\\loginTestCase.cy.js",
      "beforeHooks": [],
      "afterHooks": [],
      "tests": [],
      "suites": [
        {
          "uuid": "e9b3e7ab-d8aa-4c2f-a614-9707ca43c059",
          "title": "Validate login user",
          "fullFile": "",
          "file": "",
          "beforeHooks": [],
          "afterHooks": [],
          "tests": [
            {
              "title": "User can login use valid email and password",
              "fullTitle": "Validate login user User can login use valid email and password",
              "timedOut": null,
              "duration": 16532,
              "state": "passed",
              "speed": "slow",
              "pass": true,
              "fail": false,
              "pending": false,
              "context": null,
              "code": "cy.visit('http://localhost:8000');\ncy.exec('npm run reset-db', {\n  cwd: 'D:/ProjectQA/demo-app-cypress-automation',\n  shell: 'cmd.exe'\n});\ncy.get('[data-id=\"email\"]').type(\"superadmin@gmail.com\");\ncy.get('[data-id=\"password\"]').type(\"password\");\ncy.wait(1000); // Tunggu 1 detik\ncy.get('[data-id=\"submit\"]').click();",
              "err": {},
              "uuid": "3ceec1c7-68e6-4296-806c-2a094689962b",
              "parentUUID": "e9b3e7ab-d8aa-4c2f-a614-9707ca43c059",
              "isHook": false,
              "skipped": false
            }
          ],
          "suites": [],
          "passes": [
            "3ceec1c7-68e6-4296-806c-2a094689962b"
          ],
          "failures": [],
          "pending": [],
          "skipped": [],
          "duration": 16532,
          "root": false,
          "rootEmpty": false,
          "_timeout": 2000
        },
        {
          "uuid": "7d5a75fb-79b2-4ab4-9514-1fbd580e46b1",
          "title": "Invalid login user",
          "fullFile": "",
          "file": "",
          "beforeHooks": [],
          "afterHooks": [],
          "tests": [
            {
              "title": "Cannot login with wrong email and password",
              "fullTitle": "Invalid login user Cannot login with wrong email and password",
              "timedOut": null,
              "duration": 9211,
              "state": "passed",
              "speed": "medium",
              "pass": true,
              "fail": false,
              "pending": false,
              "context": null,
              "code": "cy.get('[data-id=\"email\"]').type(\"wronguser@gmail.com\");\ncy.get('[data-id=\"password\"]').type(\"wrongpassword\");\ncy.get('[data-id=\"submit\"]').click();\n//assertion\ncy.get('.invalid-feedback').should('be.visible').contains(\"These credentials do not match our records.\");",
              "err": {},
              "uuid": "012f237f-06e2-4f45-9a7b-8b25197196c0",
              "parentUUID": "7d5a75fb-79b2-4ab4-9514-1fbd580e46b1",
              "isHook": false,
              "skipped": false
            },
            {
              "title": "Cannot login with valid email but wrong password",
              "fullTitle": "Invalid login user Cannot login with valid email but wrong password",
              "timedOut": null,
              "duration": 9313,
              "state": "passed",
              "speed": "medium",
              "pass": true,
              "fail": false,
              "pending": false,
              "context": null,
              "code": "cy.get('[data-id=\"email\"]').type(\"superadmin@gmail.com\");\ncy.get('[data-id=\"password\"]').type(\"wrongpassword\");\ncy.get('[data-id=\"submit\"]').click();\n//assertion\ncy.get('.invalid-feedback').should('be.visible').contains(\"These credentials do not match our records.\");",
              "err": {},
              "uuid": "821976a1-11c1-4f42-8b57-d6714401cd21",
              "parentUUID": "7d5a75fb-79b2-4ab4-9514-1fbd580e46b1",
              "isHook": false,
              "skipped": false
            },
            {
              "title": "Cannot login with wrong email but valid password",
              "fullTitle": "Invalid login user Cannot login with wrong email but valid password",
              "timedOut": null,
              "duration": 9066,
              "state": "passed",
              "speed": "medium",
              "pass": true,
              "fail": false,
              "pending": false,
              "context": null,
              "code": "cy.get('[data-id=\"email\"]').type(\"wronguser@gmail.com\");\ncy.get('[data-id=\"password\"]').type(\"password\");\ncy.get('[data-id=\"submit\"]').click();\n//assertion\ncy.get('.invalid-feedback').should('be.visible').contains(\"These credentials do not match our records.\");",
              "err": {},
              "uuid": "b4afbdcd-850a-4615-a8d7-01cdede62b50",
              "parentUUID": "7d5a75fb-79b2-4ab4-9514-1fbd580e46b1",
              "isHook": false,
              "skipped": false
            },
            {
              "title": "Cannot login with empty email and password",
              "fullTitle": "Invalid login user Cannot login with empty email and password",
              "timedOut": null,
              "duration": 6399,
              "state": "passed",
              "speed": "medium",
              "pass": true,
              "fail": false,
              "pending": false,
              "context": null,
              "code": "cy.get('[data-id=\"submit\"]').click();\n//assertion\ncy.get('.invalid-feedback').should('be.visible').contains(\"The email field is required.\");\ncy.get('.invalid-feedback').should('be.visible').contains(\"The password field is required.\");",
              "err": {},
              "uuid": "c648a8e5-31cc-4be1-ae11-e9f153347f95",
              "parentUUID": "7d5a75fb-79b2-4ab4-9514-1fbd580e46b1",
              "isHook": false,
              "skipped": false
            },
            {
              "title": "Cannot login with only email filled",
              "fullTitle": "Invalid login user Cannot login with only email filled",
              "timedOut": null,
              "duration": 7012,
              "state": "passed",
              "speed": "medium",
              "pass": true,
              "fail": false,
              "pending": false,
              "context": null,
              "code": "cy.get('[data-id=\"email\"]').type(\"superadmin@gmail.com\");\ncy.get('[data-id=\"submit\"]').click();\n//assertion\ncy.get('.invalid-feedback').should('be.visible').contains(\"The password field is required.\");",
              "err": {},
              "uuid": "3e0fbb1d-6b10-40b0-90a6-b7b1b0059c74",
              "parentUUID": "7d5a75fb-79b2-4ab4-9514-1fbd580e46b1",
              "isHook": false,
              "skipped": false
            },
            {
              "title": "Cannot login with only password filled",
              "fullTitle": "Invalid login user Cannot login with only password filled",
              "timedOut": null,
              "duration": 6545,
              "state": "passed",
              "speed": "medium",
              "pass": true,
              "fail": false,
              "pending": false,
              "context": null,
              "code": "cy.get('[data-id=\"password\"]').type(\"password\");\ncy.get('[data-id=\"submit\"]').click();\n//assertion\ncy.get('.invalid-feedback').should('be.visible').contains(\"The email field is required.\");",
              "err": {},
              "uuid": "a27c5b9d-4e18-4dfe-92d3-5d769a5f8e16",
              "parentUUID": "7d5a75fb-79b2-4ab4-9514-1fbd580e46b1",
              "isHook": false,
              "skipped": false
            }
          ],
          "suites": [],
          "passes": [
            "012f237f-06e2-4f45-9a7b-8b25197196c0",
            "821976a1-11c1-4f42-8b57-d6714401cd21",
            "b4afbdcd-850a-4615-a8d7-01cdede62b50",
            "c648a8e5-31cc-4be1-ae11-e9f153347f95",
            "3e0fbb1d-6b10-40b0-90a6-b7b1b0059c74",
            "a27c5b9d-4e18-4dfe-92d3-5d769a5f8e16"
          ],
          "failures": [],
          "pending": [],
          "skipped": [],
          "duration": 47546,
          "root": false,
          "rootEmpty": false,
          "_timeout": 2000
        }
      ],
      "passes": [],
      "failures": [],
      "pending": [],
      "skipped": [],
      "duration": 0,
      "root": true,
      "rootEmpty": true,
      "_timeout": 2000
    },
    {
      "uuid": "6d20c004-4f95-4bd7-a60b-6b7e592958e5",
      "title": "",
      "fullFile": "tests\\cypress\\integration\\spec.cy.js",
      "file": "tests\\cypress\\integration\\spec.cy.js",
      "beforeHooks": [],
      "afterHooks": [],
      "tests": [],
      "suites": [
        {
          "uuid": "5eedb2c3-23bb-40fe-ace0-e2839368e9d1",
          "title": "template spec",
          "fullFile": "",
          "file": "",
          "beforeHooks": [],
          "afterHooks": [],
          "tests": [
            {
              "title": "passes",
              "fullTitle": "template spec passes",
              "timedOut": null,
              "duration": 3430,
              "state": "passed",
              "speed": "fast",
              "pass": true,
              "fail": false,
              "pending": false,
              "context": null,
              "code": "cy.visit('https://example.cypress.io');",
              "err": {},
              "uuid": "afa2a2a7-882e-4796-8246-7dcf6151c9af",
              "parentUUID": "5eedb2c3-23bb-40fe-ace0-e2839368e9d1",
              "isHook": false,
              "skipped": false
            }
          ],
          "suites": [],
          "passes": [
            "afa2a2a7-882e-4796-8246-7dcf6151c9af"
          ],
          "failures": [],
          "pending": [],
          "skipped": [],
          "duration": 3430,
          "root": false,
          "rootEmpty": false,
          "_timeout": 2000
        }
      ],
      "passes": [],
      "failures": [],
      "pending": [],
      "skipped": [],
      "duration": 0,
      "root": true,
      "rootEmpty": true,
      "_timeout": 2000
    }
  ],
  "meta": {
    "mocha": {
      "version": "7.0.1"
    },
    "mochawesome": {
      "options": {
        "quiet": false,
        "reportFilename": "[name].html",
        "saveHtml": true,
        "saveJson": true,
        "consoleReporter": "spec",
        "useInlineDiffs": false,
        "code": true
      },
      "version": "7.1.3"
    },
    "marge": {
      "options": {
        "charts": true,
        "overwrite": false,
        "html": true,
        "json": true,
        "reportDir": "tests/cypress/reports",
        "reportFilename": "[name].html"
      },
      "version": "6.2.0"
    }
  }
}