{
  "stats": {
    "suites": 2,
    "tests": 2,
    "passes": 2,
    "pending": 0,
    "failures": 0,
    "start": "2025-07-11T19:40:23.937Z",
    "end": "2025-07-11T19:41:23.515Z",
    "duration": 59578,
    "testsRegistered": 2,
    "passPercent": 100,
    "pendingPercent": 0,
    "other": 0,
    "hasOther": false,
    "skipped": 0,
    "hasSkipped": false
  },
  "results": [
    {
      "uuid": "6540adf9-b673-4209-8fbd-6a2a72b46b13",
      "title": "",
      "fullFile": "tests\\cypress\\integration\\users\\DeleteUsers.cy.js",
      "file": "tests\\cypress\\integration\\users\\DeleteUsers.cy.js",
      "beforeHooks": [],
      "afterHooks": [],
      "tests": [],
      "suites": [
        {
          "uuid": "8099699f-7a40-4b84-8644-b0296e243f45",
          "title": "Validate delete user account",
          "fullFile": "",
          "file": "",
          "beforeHooks": [],
          "afterHooks": [],
          "tests": [
            {
              "title": "User can delete Account",
              "fullTitle": "Validate delete user account User can delete Account",
              "timedOut": null,
              "duration": 33550,
              "state": "passed",
              "speed": "slow",
              "pass": true,
              "fail": false,
              "pending": false,
              "context": "{\n  \"title\": \"cypress-mochawesome-reporter-videos-passed\",\n  \"value\": \"tests\\\\cypress\\\\integration\\\\users\\\\DeleteUsers.cy.js\"\n}",
              "code": "//fill form\ncy.create();\ncy.user();\n//Assert\ncy.get('p').should('be.visible');\ncy.get('p').contains('Data Berhasil Ditambahkan');\ncy.contains('tr', 'budi').within(() => {\n  cy.get('[data-id=delete]').click();\n});\ncy.get('.swal-button').contains('OK').should(\"be.visible\").click();\n//Assert\ncy.get('p').should('be.visible').contains('User Deleted Successfully');",
              "err": {},
              "uuid": "a92825fa-417f-43f6-a139-efd40bbd8a9b",
              "parentUUID": "8099699f-7a40-4b84-8644-b0296e243f45",
              "isHook": false,
              "skipped": false
            }
          ],
          "suites": [],
          "passes": [
            "a92825fa-417f-43f6-a139-efd40bbd8a9b"
          ],
          "failures": [],
          "pending": [],
          "skipped": [],
          "duration": 33550,
          "root": false,
          "rootEmpty": false,
          "_timeout": 2000
        },
        {
          "uuid": "ec6e2b2c-6ea1-4557-8bdd-0e36afc3c746",
          "title": "Invalidate delete user account",
          "fullFile": "",
          "file": "",
          "beforeHooks": [],
          "afterHooks": [],
          "tests": [
            {
              "title": "User can cancle delete account",
              "fullTitle": "Invalidate delete user account User can cancle delete account",
              "timedOut": null,
              "duration": 25268,
              "state": "passed",
              "speed": "slow",
              "pass": true,
              "fail": false,
              "pending": false,
              "context": "{\n  \"title\": \"cypress-mochawesome-reporter-videos-passed\",\n  \"value\": \"tests\\\\cypress\\\\integration\\\\users\\\\DeleteUsers.cy.js\"\n}",
              "code": "//fill form\ncy.create();\ncy.user();\ncy.contains('tr', 'budi').within(() => {\n  cy.get('[data-id=delete]').click();\n});\ncy.get('.swal-button').contains('Cancel').should(\"be.visible\").click();\n//Assert\ncy.get('.section-header').should('be.visible').contains('h1', 'User List');",
              "err": {},
              "uuid": "e4242b29-48ac-49cb-871e-7cd2930f7f5c",
              "parentUUID": "ec6e2b2c-6ea1-4557-8bdd-0e36afc3c746",
              "isHook": false,
              "skipped": false
            }
          ],
          "suites": [],
          "passes": [
            "e4242b29-48ac-49cb-871e-7cd2930f7f5c"
          ],
          "failures": [],
          "pending": [],
          "skipped": [],
          "duration": 25268,
          "root": false,
          "rootEmpty": false,
          "_timeout": 2000
        }
      ],
      "passes": [],
      "failures": [],
      "pending": [],
      "skipped": [],
      "duration": 0,
      "root": true,
      "rootEmpty": true,
      "_timeout": 2000
    }
  ],
  "meta": {
    "mocha": {
      "version": "7.0.1"
    },
    "mochawesome": {
      "options": {
        "quiet": false,
        "reportFilename": "mochawesome",
        "saveHtml": false,
        "saveJson": true,
        "consoleReporter": "spec",
        "useInlineDiffs": false,
        "code": true
      },
      "version": "7.1.3"
    },
    "marge": {
      "options": {
        "charts": true,
        "overwrite": false,
        "html": false,
        "json": true,
        "reportDir": "cypress/reports/mochawesome-report"
      },
      "version": "6.2.0"
    }
  }
}