{
  "stats": {
    "suites": 2,
    "tests": 6,
    "passes": 6,
    "pending": 0,
    "failures": 0,
    "start": "2025-07-13T12:45:48.107Z",
    "end": "2025-07-13T12:48:19.057Z",
    "duration": 150950,
    "testsRegistered": 6,
    "passPercent": 100,
    "pendingPercent": 0,
    "other": 0,
    "hasOther": false,
    "skipped": 0,
    "hasSkipped": false
  },
  "results": [
    {
      "uuid": "009f1825-d54b-41c5-a7a3-9b10b80abe14",
      "title": "",
      "fullFile": "tests\\cypress\\integration\\users\\EditUsers.cy.js",
      "file": "tests\\cypress\\integration\\users\\EditUsers.cy.js",
      "beforeHooks": [],
      "afterHooks": [],
      "tests": [],
      "suites": [
        {
          "uuid": "af0b8516-5847-4728-a74f-6d812fba1d64",
          "title": "Valid edit account",
          "fullFile": "",
          "file": "",
          "beforeHooks": [],
          "afterHooks": [],
          "tests": [
            {
              "title": "User can edit username",
              "fullTitle": "Valid edit account User can edit username",
              "timedOut": null,
              "duration": 28249,
              "state": "passed",
              "speed": "slow",
              "pass": true,
              "fail": false,
              "pending": false,
              "context": "{\n  \"title\": \"cypress-mochawesome-reporter-videos-passed\",\n  \"value\": \"tests\\\\cypress\\\\integration\\\\users\\\\EditUsers.cy.js\"\n}",
              "code": "cy.contains('tr', 'user').within(() => {\n  cy.contains('Edit').click();\n});\ncy.get('[data-id=\"name\"]', {\n  timeout: 50000\n}).should('not.be.disabled') // pastikan tidak disabled dulu\n.clear().type('cindiana');\ncy.contains('button', 'Submit').click();\n//Assertion\ncy.get('p').should('be.visible');\ncy.get('p').contains('User Berhasil Diupdate');",
              "err": {},
              "uuid": "67bec750-1882-4420-96ae-44ddfbf0034f",
              "parentUUID": "af0b8516-5847-4728-a74f-6d812fba1d64",
              "isHook": false,
              "skipped": false
            },
            {
              "title": "User can edit email",
              "fullTitle": "Valid edit account User can edit email",
              "timedOut": null,
              "duration": 23641,
              "state": "passed",
              "speed": "slow",
              "pass": true,
              "fail": false,
              "pending": false,
              "context": "{\n  \"title\": \"cypress-mochawesome-reporter-videos-passed\",\n  \"value\": \"tests\\\\cypress\\\\integration\\\\users\\\\EditUsers.cy.js\"\n}",
              "code": "cy.contains('tr', 'user').within(() => {\n  cy.contains('Edit').click();\n});\ncy.get('#email').clear().type('cindiana21@gmail.com');\ncy.contains('button', 'Submit').click();\n//Assertion\ncy.get('p').should('be.visible');\ncy.get('p').contains('User Berhasil Diupdate');",
              "err": {},
              "uuid": "7f9cd738-78ff-41f0-874f-96fb7f3c04eb",
              "parentUUID": "af0b8516-5847-4728-a74f-6d812fba1d64",
              "isHook": false,
              "skipped": false
            },
            {
              "title": "User can edit username & email",
              "fullTitle": "Valid edit account User can edit username & email",
              "timedOut": null,
              "duration": 24897,
              "state": "passed",
              "speed": "slow",
              "pass": true,
              "fail": false,
              "pending": false,
              "context": "{\n  \"title\": \"cypress-mochawesome-reporter-videos-passed\",\n  \"value\": \"tests\\\\cypress\\\\integration\\\\users\\\\EditUsers.cy.js\"\n}",
              "code": "cy.contains('tr', 'user').within(() => {\n  cy.contains('Edit').click();\n});\n//fill form\ncy.get('[data-id=\"name\"]', {\n  timeout: 50000\n}).should('not.be.disabled').clear().type('cindiana');\ncy.get('#email').clear().type('cindiana21@gmail.com');\n//button submit\ncy.contains('button', 'Submit').click();\n//Assertion\ncy.get('p').should('be.visible');\ncy.get('p').contains('User Berhasil Diupdate');",
              "err": {},
              "uuid": "31da8333-6c48-416a-bda3-4564b2db587e",
              "parentUUID": "af0b8516-5847-4728-a74f-6d812fba1d64",
              "isHook": false,
              "skipped": false
            }
          ],
          "suites": [],
          "passes": [
            "67bec750-1882-4420-96ae-44ddfbf0034f",
            "7f9cd738-78ff-41f0-874f-96fb7f3c04eb",
            "31da8333-6c48-416a-bda3-4564b2db587e"
          ],
          "failures": [],
          "pending": [],
          "skipped": [],
          "duration": 76787,
          "root": false,
          "rootEmpty": false,
          "_timeout": 2000
        },
        {
          "uuid": "e37851ee-b994-40b8-9815-c50607380c72",
          "title": "Invalid Edit Account",
          "fullFile": "",
          "file": "",
          "beforeHooks": [],
          "afterHooks": [],
          "tests": [
            {
              "title": "User cannot edit with empty field username",
              "fullTitle": "Invalid Edit Account User cannot edit with empty field username",
              "timedOut": null,
              "duration": 24908,
              "state": "passed",
              "speed": "slow",
              "pass": true,
              "fail": false,
              "pending": false,
              "context": "{\n  \"title\": \"cypress-mochawesome-reporter-videos-passed\",\n  \"value\": \"tests\\\\cypress\\\\integration\\\\users\\\\EditUsers.cy.js\"\n}",
              "code": "cy.contains('tr', 'user').within(() => {\n  cy.contains('Edit').click();\n});\ncy.get('[data-id=\"name\"]').clear();\ncy.get('#email').clear().type('cindiana21@gmail.com');\n//button submit\ncy.contains('button', 'Submit').click();\n//Assertion\ncy.get('.invalid-feedback').should('be.visible');\ncy.get('.invalid-feedback').contains('The name field is required.');",
              "err": {},
              "uuid": "61eb9cbd-0df1-466b-8bf3-d00a2717488f",
              "parentUUID": "e37851ee-b994-40b8-9815-c50607380c72",
              "isHook": false,
              "skipped": false
            },
            {
              "title": "User cannot edit with empty field email",
              "fullTitle": "Invalid Edit Account User cannot edit with empty field email",
              "timedOut": null,
              "duration": 24566,
              "state": "passed",
              "speed": "slow",
              "pass": true,
              "fail": false,
              "pending": false,
              "context": "{\n  \"title\": \"cypress-mochawesome-reporter-videos-passed\",\n  \"value\": \"tests\\\\cypress\\\\integration\\\\users\\\\EditUsers.cy.js\"\n}",
              "code": "cy.contains('tr', 'user').within(() => {\n  cy.contains('Edit').click();\n});\ncy.get('[data-id=\"name\"]').clear().type('cindiana');\ncy.get('#email').clear();\n//button submit\ncy.contains('button', 'Submit').click();\n//Assertion\ncy.get('.invalid-feedback').should('be.visible');\ncy.get('.invalid-feedback').contains('The email field is required.');",
              "err": {},
              "uuid": "8e48b8f0-2dba-4722-8b6a-4969a8d8707c",
              "parentUUID": "e37851ee-b994-40b8-9815-c50607380c72",
              "isHook": false,
              "skipped": false
            },
            {
              "title": "User cannot edit with empty field username & email",
              "fullTitle": "Invalid Edit Account User cannot edit with empty field username & email",
              "timedOut": null,
              "duration": 23904,
              "state": "passed",
              "speed": "slow",
              "pass": true,
              "fail": false,
              "pending": false,
              "context": "{\n  \"title\": \"cypress-mochawesome-reporter-videos-passed\",\n  \"value\": \"tests\\\\cypress\\\\integration\\\\users\\\\EditUsers.cy.js\"\n}",
              "code": "cy.contains('tr', 'user').within(() => {\n  cy.contains('Edit').click();\n});\ncy.get('[data-id=\"name\"]').clear();\ncy.get('#email').clear();\n//button submit\ncy.contains('button', 'Submit').click();\n//Assertion\ncy.get('.invalid-feedback').should('be.visible');\ncy.get('.invalid-feedback').contains('The name field is required.');\ncy.get('.invalid-feedback').contains('The email field is required.');",
              "err": {},
              "uuid": "7bf719cb-0619-4bca-9efd-791171f485e1",
              "parentUUID": "e37851ee-b994-40b8-9815-c50607380c72",
              "isHook": false,
              "skipped": false
            }
          ],
          "suites": [],
          "passes": [
            "61eb9cbd-0df1-466b-8bf3-d00a2717488f",
            "8e48b8f0-2dba-4722-8b6a-4969a8d8707c",
            "7bf719cb-0619-4bca-9efd-791171f485e1"
          ],
          "failures": [],
          "pending": [],
          "skipped": [],
          "duration": 73378,
          "root": false,
          "rootEmpty": false,
          "_timeout": 2000
        }
      ],
      "passes": [],
      "failures": [],
      "pending": [],
      "skipped": [],
      "duration": 0,
      "root": true,
      "rootEmpty": true,
      "_timeout": 2000
    }
  ],
  "meta": {
    "mocha": {
      "version": "7.0.1"
    },
    "mochawesome": {
      "options": {
        "quiet": false,
        "reportFilename": "mochawesome",
        "saveHtml": false,
        "saveJson": true,
        "consoleReporter": "spec",
        "useInlineDiffs": false,
        "code": true
      },
      "version": "7.1.3"
    },
    "marge": {
      "options": {
        "charts": true,
        "overwrite": false,
        "html": false,
        "json": true,
        "reportDir": "cypress/reports/mochawesome-report"
      },
      "version": "6.2.0"
    }
  }
}