{
  "stats": {
    "suites": 2,
    "tests": 2,
    "passes": 2,
    "pending": 0,
    "failures": 0,
    "start": "2025-07-14T07:23:03.681Z",
    "end": "2025-07-14T07:24:04.141Z",
    "duration": 60460,
    "testsRegistered": 2,
    "passPercent": 100,
    "pendingPercent": 0,
    "other": 0,
    "hasOther": false,
    "skipped": 0,
    "hasSkipped": false
  },
  "results": [
    {
      "uuid": "94683430-9ffc-4180-9fbe-0197f6e41b62",
      "title": "",
      "fullFile": "tests\\cypress\\integration\\users\\DeleteUsers.cy.js",
      "file": "tests\\cypress\\integration\\users\\DeleteUsers.cy.js",
      "beforeHooks": [],
      "afterHooks": [],
      "tests": [],
      "suites": [
        {
          "uuid": "72f63e59-3bc2-4793-993d-ae9691528211",
          "title": "Validate delete user account",
          "fullFile": "",
          "file": "",
          "beforeHooks": [],
          "afterHooks": [],
          "tests": [
            {
              "title": "User can delete Account",
              "fullTitle": "Validate delete user account User can delete Account",
              "timedOut": null,
              "duration": 33526,
              "state": "passed",
              "speed": "slow",
              "pass": true,
              "fail": false,
              "pending": false,
              "context": "{\n  \"title\": \"cypress-mochawesome-reporter-videos-passed\",\n  \"value\": \"tests\\\\cypress\\\\integration\\\\users\\\\DeleteUsers.cy.js\"\n}",
              "code": "//fill form\ncy.create();\ncy.user();\n//Assert\ncy.get('p').should('be.visible');\ncy.get('p').contains('Data Berhasil Ditambahkan');\ncy.contains('tr', 'budi').within(() => {\n  cy.get('[data-id=delete]').click();\n});\ncy.get('.swal-button').contains('OK').should(\"be.visible\").click();\n//Assert\ncy.get('p').should('be.visible').contains('User Deleted Successfully');",
              "err": {},
              "uuid": "205dba1e-3b87-4aa4-a4cf-48ba5bccf187",
              "parentUUID": "72f63e59-3bc2-4793-993d-ae9691528211",
              "isHook": false,
              "skipped": false
            }
          ],
          "suites": [],
          "passes": [
            "205dba1e-3b87-4aa4-a4cf-48ba5bccf187"
          ],
          "failures": [],
          "pending": [],
          "skipped": [],
          "duration": 33526,
          "root": false,
          "rootEmpty": false,
          "_timeout": 2000
        },
        {
          "uuid": "c1f81ecd-a827-4cca-8329-bf1007354ed3",
          "title": "Invalidate delete user account",
          "fullFile": "",
          "file": "",
          "beforeHooks": [],
          "afterHooks": [],
          "tests": [
            {
              "title": "User can cancle delete account",
              "fullTitle": "Invalidate delete user account User can cancle delete account",
              "timedOut": null,
              "duration": 25954,
              "state": "passed",
              "speed": "slow",
              "pass": true,
              "fail": false,
              "pending": false,
              "context": "{\n  \"title\": \"cypress-mochawesome-reporter-videos-passed\",\n  \"value\": \"tests\\\\cypress\\\\integration\\\\users\\\\DeleteUsers.cy.js\"\n}",
              "code": "//fill form\ncy.create();\ncy.user();\ncy.contains('tr', 'budi').within(() => {\n  cy.get('[data-id=delete]').click();\n});\ncy.get('.swal-button').contains('Cancel').should(\"be.visible\").click();\n//Assert\ncy.get('.section-header').should('be.visible').contains('h1', 'User List');",
              "err": {},
              "uuid": "99be7b3a-c793-4fbb-b9cd-4d719a67abd7",
              "parentUUID": "c1f81ecd-a827-4cca-8329-bf1007354ed3",
              "isHook": false,
              "skipped": false
            }
          ],
          "suites": [],
          "passes": [
            "99be7b3a-c793-4fbb-b9cd-4d719a67abd7"
          ],
          "failures": [],
          "pending": [],
          "skipped": [],
          "duration": 25954,
          "root": false,
          "rootEmpty": false,
          "_timeout": 2000
        }
      ],
      "passes": [],
      "failures": [],
      "pending": [],
      "skipped": [],
      "duration": 0,
      "root": true,
      "rootEmpty": true,
      "_timeout": 2000
    }
  ],
  "meta": {
    "mocha": {
      "version": "7.0.1"
    },
    "mochawesome": {
      "options": {
        "quiet": false,
        "reportFilename": "mochawesome",
        "saveHtml": false,
        "saveJson": true,
        "consoleReporter": "spec",
        "useInlineDiffs": false,
        "code": true
      },
      "version": "7.1.3"
    },
    "marge": {
      "options": {
        "charts": true,
        "overwrite": false,
        "html": false,
        "json": true,
        "reportDir": "cypress/reports/mochawesome-report"
      },
      "version": "6.2.0"
    }
  }
}