{
  "stats": {
    "suites": 2,
    "tests": 2,
    "passes": 2,
    "pending": 0,
    "failures": 0,
    "start": "2025-07-13T12:44:42.821Z",
    "end": "2025-07-13T12:45:41.039Z",
    "duration": 58218,
    "testsRegistered": 2,
    "passPercent": 100,
    "pendingPercent": 0,
    "other": 0,
    "hasOther": false,
    "skipped": 0,
    "hasSkipped": false
  },
  "results": [
    {
      "uuid": "819f3801-08e7-4a81-bc30-9f6cdeab94d9",
      "title": "",
      "fullFile": "tests\\cypress\\integration\\users\\DeleteUsers.cy.js",
      "file": "tests\\cypress\\integration\\users\\DeleteUsers.cy.js",
      "beforeHooks": [],
      "afterHooks": [],
      "tests": [],
      "suites": [
        {
          "uuid": "b6b8195b-ae60-44f0-a15b-ae735712cbfb",
          "title": "Validate delete user account",
          "fullFile": "",
          "file": "",
          "beforeHooks": [],
          "afterHooks": [],
          "tests": [
            {
              "title": "User can delete Account",
              "fullTitle": "Validate delete user account User can delete Account",
              "timedOut": null,
              "duration": 33400,
              "state": "passed",
              "speed": "slow",
              "pass": true,
              "fail": false,
              "pending": false,
              "context": "{\n  \"title\": \"cypress-mochawesome-reporter-videos-passed\",\n  \"value\": \"tests\\\\cypress\\\\integration\\\\users\\\\DeleteUsers.cy.js\"\n}",
              "code": "//fill form\ncy.create();\ncy.user();\n//Assert\ncy.get('p').should('be.visible');\ncy.get('p').contains('Data Berhasil Ditambahkan');\ncy.contains('tr', 'budi').within(() => {\n  cy.get('[data-id=delete]').click();\n});\ncy.get('.swal-button').contains('OK').should(\"be.visible\").click();\n//Assert\ncy.get('p').should('be.visible').contains('User Deleted Successfully');",
              "err": {},
              "uuid": "0d4edac9-3b34-4353-a105-c88d65df3d58",
              "parentUUID": "b6b8195b-ae60-44f0-a15b-ae735712cbfb",
              "isHook": false,
              "skipped": false
            }
          ],
          "suites": [],
          "passes": [
            "0d4edac9-3b34-4353-a105-c88d65df3d58"
          ],
          "failures": [],
          "pending": [],
          "skipped": [],
          "duration": 33400,
          "root": false,
          "rootEmpty": false,
          "_timeout": 2000
        },
        {
          "uuid": "ae85a3a8-83cf-404a-9569-47c2ffb75744",
          "title": "Invalidate delete user account",
          "fullFile": "",
          "file": "",
          "beforeHooks": [],
          "afterHooks": [],
          "tests": [
            {
              "title": "User can cancle delete account",
              "fullTitle": "Invalidate delete user account User can cancle delete account",
              "timedOut": null,
              "duration": 24152,
              "state": "passed",
              "speed": "slow",
              "pass": true,
              "fail": false,
              "pending": false,
              "context": "{\n  \"title\": \"cypress-mochawesome-reporter-videos-passed\",\n  \"value\": \"tests\\\\cypress\\\\integration\\\\users\\\\DeleteUsers.cy.js\"\n}",
              "code": "//fill form\ncy.create();\ncy.user();\ncy.contains('tr', 'budi').within(() => {\n  cy.get('[data-id=delete]').click();\n});\ncy.get('.swal-button').contains('Cancel').should(\"be.visible\").click();\n//Assert\ncy.get('.section-header').should('be.visible').contains('h1', 'User List');",
              "err": {},
              "uuid": "1e409244-c14c-4e33-8640-cdb59125caf1",
              "parentUUID": "ae85a3a8-83cf-404a-9569-47c2ffb75744",
              "isHook": false,
              "skipped": false
            }
          ],
          "suites": [],
          "passes": [
            "1e409244-c14c-4e33-8640-cdb59125caf1"
          ],
          "failures": [],
          "pending": [],
          "skipped": [],
          "duration": 24152,
          "root": false,
          "rootEmpty": false,
          "_timeout": 2000
        }
      ],
      "passes": [],
      "failures": [],
      "pending": [],
      "skipped": [],
      "duration": 0,
      "root": true,
      "rootEmpty": true,
      "_timeout": 2000
    }
  ],
  "meta": {
    "mocha": {
      "version": "7.0.1"
    },
    "mochawesome": {
      "options": {
        "quiet": false,
        "reportFilename": "mochawesome",
        "saveHtml": false,
        "saveJson": true,
        "consoleReporter": "spec",
        "useInlineDiffs": false,
        "code": true
      },
      "version": "7.1.3"
    },
    "marge": {
      "options": {
        "charts": true,
        "overwrite": false,
        "html": false,
        "json": true,
        "reportDir": "cypress/reports/mochawesome-report"
      },
      "version": "6.2.0"
    }
  }
}