{
  "stats": {
    "suites": 1,
    "tests": 1,
    "passes": 1,
    "pending": 0,
    "failures": 0,
    "start": "2025-07-11T19:28:45.739Z",
    "end": "2025-07-11T19:29:03.755Z",
    "duration": 18016,
    "testsRegistered": 1,
    "passPercent": 100,
    "pendingPercent": 0,
    "other": 0,
    "hasOther": false,
    "skipped": 0,
    "hasSkipped": false
  },
  "results": [
    {
      "uuid": "382c5328-0a7a-4d21-b3d1-6b3a068e84ec",
      "title": "",
      "fullFile": "tests\\cypress\\integration\\auth\\loginTestCase.cy.js",
      "file": "tests\\cypress\\integration\\auth\\loginTestCase.cy.js",
      "beforeHooks": [],
      "afterHooks": [],
      "tests": [],
      "suites": [
        {
          "uuid": "2e41e827-fbee-439e-a893-680369ae9712",
          "title": "login test case",
          "fullFile": "",
          "file": "",
          "beforeHooks": [],
          "afterHooks": [],
          "tests": [
            {
              "title": "User can login use valid email and password",
              "fullTitle": "login test case User can login use valid email and password",
              "timedOut": null,
              "duration": 17072,
              "state": "passed",
              "speed": "slow",
              "pass": true,
              "fail": false,
              "pending": false,
              "context": "{\n  \"title\": \"cypress-mochawesome-reporter-videos-passed\",\n  \"value\": \"tests\\\\cypress\\\\integration\\\\auth\\\\loginTestCase.cy.js\"\n}",
              "code": "cy.visit('http://localhost:8000');\ncy.exec('npm run reset-db', {\n  cwd: 'D:/ProjectQA/demo-app-cypress-automation',\n  shell: 'cmd.exe'\n});\ncy.get('[data-id=\"email\"]').type(\"superadmin@gmail.com\");\ncy.get('[data-id=\"password\"]').type(\"password\");\ncy.wait(1000); // Tunggu 1 detik\ncy.get('[data-id=\"submit\"]').click();",
              "err": {},
              "uuid": "c14c820b-26e1-4497-9054-8e405dc42773",
              "parentUUID": "2e41e827-fbee-439e-a893-680369ae9712",
              "isHook": false,
              "skipped": false
            }
          ],
          "suites": [],
          "passes": [
            "c14c820b-26e1-4497-9054-8e405dc42773"
          ],
          "failures": [],
          "pending": [],
          "skipped": [],
          "duration": 17072,
          "root": false,
          "rootEmpty": false,
          "_timeout": 2000
        }
      ],
      "passes": [],
      "failures": [],
      "pending": [],
      "skipped": [],
      "duration": 0,
      "root": true,
      "rootEmpty": true,
      "_timeout": 2000
    }
  ],
  "meta": {
    "mocha": {
      "version": "7.0.1"
    },
    "mochawesome": {
      "options": {
        "quiet": false,
        "reportFilename": "mochawesome",
        "saveHtml": false,
        "saveJson": true,
        "consoleReporter": "spec",
        "useInlineDiffs": false,
        "code": true
      },
      "version": "7.1.3"
    },
    "marge": {
      "options": {
        "charts": true,
        "overwrite": false,
        "html": false,
        "json": true,
        "reportDir": "cypress/reports/mochawesome-report"
      },
      "version": "6.2.0"
    }
  }
}