{
  "stats": {
    "suites": 2,
    "tests": 6,
    "passes": 6,
    "pending": 0,
    "failures": 0,
    "start": "2025-07-13T12:41:49.635Z",
    "end": "2025-07-13T12:44:29.080Z",
    "duration": 159445,
    "testsRegistered": 6,
    "passPercent": 100,
    "pendingPercent": 0,
    "other": 0,
    "hasOther": false,
    "skipped": 0,
    "hasSkipped": false
  },
  "results": [
    {
      "uuid": "45004d34-003d-483c-9546-d3740dfc6b9e",
      "title": "",
      "fullFile": "tests\\cypress\\integration\\users\\CreateUsers.cy.js",
      "file": "tests\\cypress\\integration\\users\\CreateUsers.cy.js",
      "beforeHooks": [],
      "afterHooks": [],
      "tests": [],
      "suites": [
        {
          "uuid": "4744df4b-1b2c-4761-bb07-68772fb900e1",
          "title": "Valid create account",
          "fullFile": "",
          "file": "",
          "beforeHooks": [],
          "afterHooks": [],
          "tests": [
            {
              "title": "User can Create new Account",
              "fullTitle": "Valid create account User can Create new Account",
              "timedOut": null,
              "duration": 31761,
              "state": "passed",
              "speed": "slow",
              "pass": true,
              "fail": false,
              "pending": false,
              "context": "{\n  \"title\": \"cypress-mochawesome-reporter-videos-passed\",\n  \"value\": \"tests\\\\cypress\\\\integration\\\\users\\\\CreateUsers.cy.js\"\n}",
              "code": "cy.create();\n//fill form\ncy.get('[id=\"name\"]').type('budi');\ncy.get('[id=\"email\"]').type('budi@gmail.com');\ncy.get('[id=\"password\"]').type('Asqweqwe');\ncy.contains('Submit').click();\n//Assert\ncy.get('p').should('be.visible');\ncy.get('p').contains('Data Berhasil Ditambahkan');",
              "err": {},
              "uuid": "e5bc2030-29c2-4d9a-a695-36450143e15c",
              "parentUUID": "4744df4b-1b2c-4761-bb07-68772fb900e1",
              "isHook": false,
              "skipped": false
            }
          ],
          "suites": [],
          "passes": [
            "e5bc2030-29c2-4d9a-a695-36450143e15c"
          ],
          "failures": [],
          "pending": [],
          "skipped": [],
          "duration": 31761,
          "root": false,
          "rootEmpty": false,
          "_timeout": 2000
        },
        {
          "uuid": "b1cb23f8-4c29-45e0-b0b3-cae5a2446dfa",
          "title": "Invalid Create Account",
          "fullFile": "",
          "file": "",
          "beforeHooks": [],
          "afterHooks": [],
          "tests": [
            {
              "title": "user cannot create account with multiple email",
              "fullTitle": "Invalid Create Account user cannot create account with multiple email",
              "timedOut": null,
              "duration": 28779,
              "state": "passed",
              "speed": "slow",
              "pass": true,
              "fail": false,
              "pending": false,
              "context": "{\n  \"title\": \"cypress-mochawesome-reporter-videos-passed\",\n  \"value\": \"tests\\\\cypress\\\\integration\\\\users\\\\CreateUsers.cy.js\"\n}",
              "code": "cy.create();\n//fill form\ncy.get('[id=\"name\"]').type('user');\ncy.get('[id=\"email\"]').type('user@gmail.com');\ncy.get('[id=\"password\"]').type('Asqweqwe');\ncy.contains('Submit').click();\n//Assert\ncy.get('.invalid-feedback').should('be.visible');\ncy.get('.invalid-feedback').contains('The email has already been taken.');",
              "err": {},
              "uuid": "24da8459-6c5a-4e89-aa1f-fdd2afed6db8",
              "parentUUID": "b1cb23f8-4c29-45e0-b0b3-cae5a2446dfa",
              "isHook": false,
              "skipped": false
            },
            {
              "title": "user cannot create account with field name blank is empty",
              "fullTitle": "Invalid Create Account user cannot create account with field name blank is empty",
              "timedOut": null,
              "duration": 23865,
              "state": "passed",
              "speed": "slow",
              "pass": true,
              "fail": false,
              "pending": false,
              "context": "{\n  \"title\": \"cypress-mochawesome-reporter-videos-passed\",\n  \"value\": \"tests\\\\cypress\\\\integration\\\\users\\\\CreateUsers.cy.js\"\n}",
              "code": "cy.create();\n//fill form\ncy.get('[id=\"email\"]').type('user@gmail.com');\ncy.get('[id=\"password\"]').type('Asqweqwe');\ncy.contains('Submit').click();\n//Assert\ncy.get('.invalid-feedback').should('be.visible');\ncy.get('.invalid-feedback').contains('The name field is required.');",
              "err": {},
              "uuid": "610dfe98-b58b-48df-a4dc-254b040015ba",
              "parentUUID": "b1cb23f8-4c29-45e0-b0b3-cae5a2446dfa",
              "isHook": false,
              "skipped": false
            },
            {
              "title": "user cannot create account with field email blank is empty",
              "fullTitle": "Invalid Create Account user cannot create account with field email blank is empty",
              "timedOut": null,
              "duration": 24937,
              "state": "passed",
              "speed": "slow",
              "pass": true,
              "fail": false,
              "pending": false,
              "context": "{\n  \"title\": \"cypress-mochawesome-reporter-videos-passed\",\n  \"value\": \"tests\\\\cypress\\\\integration\\\\users\\\\CreateUsers.cy.js\"\n}",
              "code": "cy.create();\n//fill form\ncy.get('[id=\"name\"]').type('user');\ncy.get('[id=\"password\"]').type('Asqweqwe');\ncy.contains('Submit').click();\n//Assert\ncy.get('.invalid-feedback').should('be.visible');\ncy.get('.invalid-feedback').contains('The email field is required.');",
              "err": {},
              "uuid": "a3f704cf-3877-4826-9ff4-a4a4f93838a1",
              "parentUUID": "b1cb23f8-4c29-45e0-b0b3-cae5a2446dfa",
              "isHook": false,
              "skipped": false
            },
            {
              "title": "user cannot create account with field password blank is empty",
              "fullTitle": "Invalid Create Account user cannot create account with field password blank is empty",
              "timedOut": null,
              "duration": 24235,
              "state": "passed",
              "speed": "slow",
              "pass": true,
              "fail": false,
              "pending": false,
              "context": "{\n  \"title\": \"cypress-mochawesome-reporter-videos-passed\",\n  \"value\": \"tests\\\\cypress\\\\integration\\\\users\\\\CreateUsers.cy.js\"\n}",
              "code": "cy.create();\n//fill form\ncy.get('[id=\"name\"]').type('user');\ncy.get('[id=\"email\"]').type('user@gmail.com');\ncy.contains('Submit').click();\n//Assert\ncy.get('.invalid-feedback').should('be.visible');\ncy.get('.invalid-feedback').contains('The password field is required.');",
              "err": {},
              "uuid": "72fec011-2eb5-4f54-9b36-3e44b8978011",
              "parentUUID": "b1cb23f8-4c29-45e0-b0b3-cae5a2446dfa",
              "isHook": false,
              "skipped": false
            },
            {
              "title": "user cannot create account with all field blank is empty",
              "fullTitle": "Invalid Create Account user cannot create account with all field blank is empty",
              "timedOut": null,
              "duration": 25028,
              "state": "passed",
              "speed": "slow",
              "pass": true,
              "fail": false,
              "pending": false,
              "context": "{\n  \"title\": \"cypress-mochawesome-reporter-videos-passed\",\n  \"value\": \"tests\\\\cypress\\\\integration\\\\users\\\\CreateUsers.cy.js\"\n}",
              "code": "cy.create();\ncy.contains('Submit').click();\n//Assert\ncy.get('.invalid-feedback').should('be.visible');\ncy.get('.invalid-feedback').contains('The name field is required.');\ncy.get('.invalid-feedback').contains('The email field is required.');\ncy.get('.invalid-feedback').contains('The password field is required.');",
              "err": {},
              "uuid": "166f4d98-1eff-4d20-9e99-6ebd5ea4f40d",
              "parentUUID": "b1cb23f8-4c29-45e0-b0b3-cae5a2446dfa",
              "isHook": false,
              "skipped": false
            }
          ],
          "suites": [],
          "passes": [
            "24da8459-6c5a-4e89-aa1f-fdd2afed6db8",
            "610dfe98-b58b-48df-a4dc-254b040015ba",
            "a3f704cf-3877-4826-9ff4-a4a4f93838a1",
            "72fec011-2eb5-4f54-9b36-3e44b8978011",
            "166f4d98-1eff-4d20-9e99-6ebd5ea4f40d"
          ],
          "failures": [],
          "pending": [],
          "skipped": [],
          "duration": 126844,
          "root": false,
          "rootEmpty": false,
          "_timeout": 2000
        }
      ],
      "passes": [],
      "failures": [],
      "pending": [],
      "skipped": [],
      "duration": 0,
      "root": true,
      "rootEmpty": true,
      "_timeout": 2000
    }
  ],
  "meta": {
    "mocha": {
      "version": "7.0.1"
    },
    "mochawesome": {
      "options": {
        "quiet": false,
        "reportFilename": "mochawesome",
        "saveHtml": false,
        "saveJson": true,
        "consoleReporter": "spec",
        "useInlineDiffs": false,
        "code": true
      },
      "version": "7.1.3"
    },
    "marge": {
      "options": {
        "charts": true,
        "overwrite": false,
        "html": false,
        "json": true,
        "reportDir": "cypress/reports/mochawesome-report"
      },
      "version": "6.2.0"
    }
  }
}