{
  "stats": {
    "suites": 2,
    "tests": 6,
    "passes": 6,
    "pending": 0,
    "failures": 0,
    "start": "2025-07-11T19:37:35.271Z",
    "end": "2025-07-11T19:40:09.870Z",
    "duration": 154599,
    "testsRegistered": 6,
    "passPercent": 100,
    "pendingPercent": 0,
    "other": 0,
    "hasOther": false,
    "skipped": 0,
    "hasSkipped": false
  },
  "results": [
    {
      "uuid": "3fbb53fd-deba-44e5-a011-09819ec40cff",
      "title": "",
      "fullFile": "tests\\cypress\\integration\\users\\CreateUsers.cy.js",
      "file": "tests\\cypress\\integration\\users\\CreateUsers.cy.js",
      "beforeHooks": [],
      "afterHooks": [],
      "tests": [],
      "suites": [
        {
          "uuid": "f27e7988-b9f2-4407-a294-e803055ec9a1",
          "title": "Valid create account",
          "fullFile": "",
          "file": "",
          "beforeHooks": [],
          "afterHooks": [],
          "tests": [
            {
              "title": "User can Create new Account",
              "fullTitle": "Valid create account User can Create new Account",
              "timedOut": null,
              "duration": 28601,
              "state": "passed",
              "speed": "slow",
              "pass": true,
              "fail": false,
              "pending": false,
              "context": "{\n  \"title\": \"cypress-mochawesome-reporter-videos-passed\",\n  \"value\": \"tests\\\\cypress\\\\integration\\\\users\\\\CreateUsers.cy.js\"\n}",
              "code": "cy.create();\n//fill form\ncy.get('[id=\"name\"]').type('budi');\ncy.get('[id=\"email\"]').type('budi@gmail.com');\ncy.get('[id=\"password\"]').type('Asqweqwe');\ncy.contains('Submit').click();\n//Assert\ncy.get('p').should('be.visible');\ncy.get('p').contains('Data Berhasil Ditambahkan');",
              "err": {},
              "uuid": "7464873c-a6b6-41ee-88f1-4b20e50d7a7f",
              "parentUUID": "f27e7988-b9f2-4407-a294-e803055ec9a1",
              "isHook": false,
              "skipped": false
            }
          ],
          "suites": [],
          "passes": [
            "7464873c-a6b6-41ee-88f1-4b20e50d7a7f"
          ],
          "failures": [],
          "pending": [],
          "skipped": [],
          "duration": 28601,
          "root": false,
          "rootEmpty": false,
          "_timeout": 2000
        },
        {
          "uuid": "94d167d6-c63d-4908-b6dc-2ffc5184b046",
          "title": "Invalid Create Account",
          "fullFile": "",
          "file": "",
          "beforeHooks": [],
          "afterHooks": [],
          "tests": [
            {
              "title": "user cannot create account with multiple email",
              "fullTitle": "Invalid Create Account user cannot create account with multiple email",
              "timedOut": null,
              "duration": 24554,
              "state": "passed",
              "speed": "slow",
              "pass": true,
              "fail": false,
              "pending": false,
              "context": "{\n  \"title\": \"cypress-mochawesome-reporter-videos-passed\",\n  \"value\": \"tests\\\\cypress\\\\integration\\\\users\\\\CreateUsers.cy.js\"\n}",
              "code": "cy.create();\n//fill form\ncy.get('[id=\"name\"]').type('user');\ncy.get('[id=\"email\"]').type('user@gmail.com');\ncy.get('[id=\"password\"]').type('Asqweqwe');\ncy.contains('Submit').click();\n//Assert\ncy.get('.invalid-feedback').should('be.visible');\ncy.get('.invalid-feedback').contains('The email has already been taken.');",
              "err": {},
              "uuid": "d3d2ffb0-484f-4b17-8ba5-02532edecf0e",
              "parentUUID": "94d167d6-c63d-4908-b6dc-2ffc5184b046",
              "isHook": false,
              "skipped": false
            },
            {
              "title": "user cannot create account with field name blank is empty",
              "fullTitle": "Invalid Create Account user cannot create account with field name blank is empty",
              "timedOut": null,
              "duration": 24866,
              "state": "passed",
              "speed": "slow",
              "pass": true,
              "fail": false,
              "pending": false,
              "context": "{\n  \"title\": \"cypress-mochawesome-reporter-videos-passed\",\n  \"value\": \"tests\\\\cypress\\\\integration\\\\users\\\\CreateUsers.cy.js\"\n}",
              "code": "cy.create();\n//fill form\ncy.get('[id=\"email\"]').type('user@gmail.com');\ncy.get('[id=\"password\"]').type('Asqweqwe');\ncy.contains('Submit').click();\n//Assert\ncy.get('.invalid-feedback').should('be.visible');\ncy.get('.invalid-feedback').contains('The name field is required.');",
              "err": {},
              "uuid": "c4a11b2a-bdd5-47d1-98ab-a564c4df1d93",
              "parentUUID": "94d167d6-c63d-4908-b6dc-2ffc5184b046",
              "isHook": false,
              "skipped": false
            },
            {
              "title": "user cannot create account with field email blank is empty",
              "fullTitle": "Invalid Create Account user cannot create account with field email blank is empty",
              "timedOut": null,
              "duration": 25072,
              "state": "passed",
              "speed": "slow",
              "pass": true,
              "fail": false,
              "pending": false,
              "context": "{\n  \"title\": \"cypress-mochawesome-reporter-videos-passed\",\n  \"value\": \"tests\\\\cypress\\\\integration\\\\users\\\\CreateUsers.cy.js\"\n}",
              "code": "cy.create();\n//fill form\ncy.get('[id=\"name\"]').type('user');\ncy.get('[id=\"password\"]').type('Asqweqwe');\ncy.contains('Submit').click();\n//Assert\ncy.get('.invalid-feedback').should('be.visible');\ncy.get('.invalid-feedback').contains('The email field is required.');",
              "err": {},
              "uuid": "70c8abc3-4e39-47fa-a07f-1ae490e3ab03",
              "parentUUID": "94d167d6-c63d-4908-b6dc-2ffc5184b046",
              "isHook": false,
              "skipped": false
            },
            {
              "title": "user cannot create account with field password blank is empty",
              "fullTitle": "Invalid Create Account user cannot create account with field password blank is empty",
              "timedOut": null,
              "duration": 26315,
              "state": "passed",
              "speed": "slow",
              "pass": true,
              "fail": false,
              "pending": false,
              "context": "{\n  \"title\": \"cypress-mochawesome-reporter-videos-passed\",\n  \"value\": \"tests\\\\cypress\\\\integration\\\\users\\\\CreateUsers.cy.js\"\n}",
              "code": "cy.create();\n//fill form\ncy.get('[id=\"name\"]').type('user');\ncy.get('[id=\"email\"]').type('user@gmail.com');\ncy.contains('Submit').click();\n//Assert\ncy.get('.invalid-feedback').should('be.visible');\ncy.get('.invalid-feedback').contains('The password field is required.');",
              "err": {},
              "uuid": "5186801b-9a1f-4030-a953-0734bcd12829",
              "parentUUID": "94d167d6-c63d-4908-b6dc-2ffc5184b046",
              "isHook": false,
              "skipped": false
            },
            {
              "title": "user cannot create account with all field blank is empty",
              "fullTitle": "Invalid Create Account user cannot create account with all field blank is empty",
              "timedOut": null,
              "duration": 24216,
              "state": "passed",
              "speed": "slow",
              "pass": true,
              "fail": false,
              "pending": false,
              "context": "{\n  \"title\": \"cypress-mochawesome-reporter-videos-passed\",\n  \"value\": \"tests\\\\cypress\\\\integration\\\\users\\\\CreateUsers.cy.js\"\n}",
              "code": "cy.create();\ncy.contains('Submit').click();\n//Assert\ncy.get('.invalid-feedback').should('be.visible');\ncy.get('.invalid-feedback').contains('The name field is required.');\ncy.get('.invalid-feedback').contains('The email field is required.');\ncy.get('.invalid-feedback').contains('The password field is required.');",
              "err": {},
              "uuid": "f9a190c2-d1df-4a9d-885b-8c66c4694fa6",
              "parentUUID": "94d167d6-c63d-4908-b6dc-2ffc5184b046",
              "isHook": false,
              "skipped": false
            }
          ],
          "suites": [],
          "passes": [
            "d3d2ffb0-484f-4b17-8ba5-02532edecf0e",
            "c4a11b2a-bdd5-47d1-98ab-a564c4df1d93",
            "70c8abc3-4e39-47fa-a07f-1ae490e3ab03",
            "5186801b-9a1f-4030-a953-0734bcd12829",
            "f9a190c2-d1df-4a9d-885b-8c66c4694fa6"
          ],
          "failures": [],
          "pending": [],
          "skipped": [],
          "duration": 125023,
          "root": false,
          "rootEmpty": false,
          "_timeout": 2000
        }
      ],
      "passes": [],
      "failures": [],
      "pending": [],
      "skipped": [],
      "duration": 0,
      "root": true,
      "rootEmpty": true,
      "_timeout": 2000
    }
  ],
  "meta": {
    "mocha": {
      "version": "7.0.1"
    },
    "mochawesome": {
      "options": {
        "quiet": false,
        "reportFilename": "mochawesome",
        "saveHtml": false,
        "saveJson": true,
        "consoleReporter": "spec",
        "useInlineDiffs": false,
        "code": true
      },
      "version": "7.1.3"
    },
    "marge": {
      "options": {
        "charts": true,
        "overwrite": false,
        "html": false,
        "json": true,
        "reportDir": "cypress/reports/mochawesome-report"
      },
      "version": "6.2.0"
    }
  }
}