{
  "stats": {
    "suites": 2,
    "tests": 6,
    "passes": 6,
    "pending": 0,
    "failures": 0,
    "start": "2025-07-11T18:34:27.421Z",
    "end": "2025-07-11T18:36:52.214Z",
    "duration": 144793,
    "testsRegistered": 6,
    "passPercent": 100,
    "pendingPercent": 0,
    "other": 0,
    "hasOther": false,
    "skipped": 0,
    "hasSkipped": false
  },
  "results": [
    {
      "uuid": "bf7f2a18-d1f9-43f3-bab1-50d2fd14a26f",
      "title": "",
      "fullFile": "tests\\cypress\\integration\\users\\EditUsers.cy.js",
      "file": "tests\\cypress\\integration\\users\\EditUsers.cy.js",
      "beforeHooks": [],
      "afterHooks": [],
      "tests": [],
      "suites": [
        {
          "uuid": "64461cb8-1373-4f17-a019-132c58d10ba6",
          "title": "Valid edit account",
          "fullFile": "",
          "file": "",
          "beforeHooks": [],
          "afterHooks": [],
          "tests": [
            {
              "title": "User can edit username",
              "fullTitle": "Valid edit account User can edit username",
              "timedOut": null,
              "duration": 25345,
              "state": "passed",
              "speed": "slow",
              "pass": true,
              "fail": false,
              "pending": false,
              "context": null,
              "code": "cy.contains('tr', 'user').within(() => {\n  cy.contains('Edit').click();\n});\ncy.get('[data-id=\"name\"]', {\n  timeout: 50000\n}).should('not.be.disabled') // pastikan tidak disabled dulu\n.clear().type('cindiana');\ncy.contains('button', 'Submit').click();\n//Assertion\ncy.get('p').should('be.visible');\ncy.get('p').contains('User Berhasil Diupdate');",
              "err": {},
              "uuid": "d631b51a-078c-4428-9949-b369c6028ed7",
              "parentUUID": "64461cb8-1373-4f17-a019-132c58d10ba6",
              "isHook": false,
              "skipped": false
            },
            {
              "title": "User can edit email",
              "fullTitle": "Valid edit account User can edit email",
              "timedOut": null,
              "duration": 23750,
              "state": "passed",
              "speed": "slow",
              "pass": true,
              "fail": false,
              "pending": false,
              "context": null,
              "code": "cy.contains('tr', 'user').within(() => {\n  cy.contains('Edit').click();\n});\ncy.get('#email').clear().type('cindiana21@gmail.com');\ncy.contains('button', 'Submit').click();\n//Assertion\ncy.get('p').should('be.visible');\ncy.get('p').contains('User Berhasil Diupdate');",
              "err": {},
              "uuid": "5f52cfbe-aa5b-41b8-bb7a-00be215f46fc",
              "parentUUID": "64461cb8-1373-4f17-a019-132c58d10ba6",
              "isHook": false,
              "skipped": false
            },
            {
              "title": "User can edit username & email",
              "fullTitle": "Valid edit account User can edit username & email",
              "timedOut": null,
              "duration": 24665,
              "state": "passed",
              "speed": "slow",
              "pass": true,
              "fail": false,
              "pending": false,
              "context": null,
              "code": "cy.contains('tr', 'user').within(() => {\n  cy.contains('Edit').click();\n});\n//fill form\ncy.get('[data-id=\"name\"]', {\n  timeout: 50000\n}).should('not.be.disabled').clear().type('cindiana');\ncy.get('#email').clear().type('cindiana21@gmail.com');\n//button submit\ncy.contains('button', 'Submit').click();\n//Assertion\ncy.get('p').should('be.visible');\ncy.get('p').contains('User Berhasil Diupdate');",
              "err": {},
              "uuid": "24c1be4c-6f78-4fbf-b63d-85f6199f4baa",
              "parentUUID": "64461cb8-1373-4f17-a019-132c58d10ba6",
              "isHook": false,
              "skipped": false
            }
          ],
          "suites": [],
          "passes": [
            "d631b51a-078c-4428-9949-b369c6028ed7",
            "5f52cfbe-aa5b-41b8-bb7a-00be215f46fc",
            "24c1be4c-6f78-4fbf-b63d-85f6199f4baa"
          ],
          "failures": [],
          "pending": [],
          "skipped": [],
          "duration": 73760,
          "root": false,
          "rootEmpty": false,
          "_timeout": 2000
        },
        {
          "uuid": "25567484-9dc5-4f1c-80ad-49b1a6f545c7",
          "title": "Invalid Edit Account",
          "fullFile": "",
          "file": "",
          "beforeHooks": [],
          "afterHooks": [],
          "tests": [
            {
              "title": "User cannot edit with empty field username",
              "fullTitle": "Invalid Edit Account User cannot edit with empty field username",
              "timedOut": null,
              "duration": 23615,
              "state": "passed",
              "speed": "slow",
              "pass": true,
              "fail": false,
              "pending": false,
              "context": null,
              "code": "cy.contains('tr', 'user').within(() => {\n  cy.contains('Edit').click();\n});\ncy.get('[data-id=\"name\"]').clear();\ncy.get('#email').clear().type('cindiana21@gmail.com');\n//button submit\ncy.contains('button', 'Submit').click();\n//Assertion\ncy.get('.invalid-feedback').should('be.visible');\ncy.get('.invalid-feedback').contains('The name field is required.');",
              "err": {},
              "uuid": "01b1e34b-30c5-409a-9d61-3446d749fb4b",
              "parentUUID": "25567484-9dc5-4f1c-80ad-49b1a6f545c7",
              "isHook": false,
              "skipped": false
            },
            {
              "title": "User cannot edit with empty field email",
              "fullTitle": "Invalid Edit Account User cannot edit with empty field email",
              "timedOut": null,
              "duration": 23361,
              "state": "passed",
              "speed": "slow",
              "pass": true,
              "fail": false,
              "pending": false,
              "context": null,
              "code": "cy.contains('tr', 'user').within(() => {\n  cy.contains('Edit').click();\n});\ncy.get('[data-id=\"name\"]').clear().type('cindiana');\ncy.get('#email').clear();\n//button submit\ncy.contains('button', 'Submit').click();\n//Assertion\ncy.get('.invalid-feedback').should('be.visible');\ncy.get('.invalid-feedback').contains('The email field is required.');",
              "err": {},
              "uuid": "f7895a5c-8553-4745-b719-4144536f44e7",
              "parentUUID": "25567484-9dc5-4f1c-80ad-49b1a6f545c7",
              "isHook": false,
              "skipped": false
            },
            {
              "title": "User cannot edit with empty field username & email",
              "fullTitle": "Invalid Edit Account User cannot edit with empty field username & email",
              "timedOut": null,
              "duration": 23296,
              "state": "passed",
              "speed": "slow",
              "pass": true,
              "fail": false,
              "pending": false,
              "context": null,
              "code": "cy.contains('tr', 'user').within(() => {\n  cy.contains('Edit').click();\n});\ncy.get('[data-id=\"name\"]').clear();\ncy.get('#email').clear();\n//button submit\ncy.contains('button', 'Submit').click();\n//Assertion\ncy.get('.invalid-feedback').should('be.visible');\ncy.get('.invalid-feedback').contains('The name field is required.');\ncy.get('.invalid-feedback').contains('The email field is required.');",
              "err": {},
              "uuid": "04b00777-9798-4737-82c4-ff65affed9f1",
              "parentUUID": "25567484-9dc5-4f1c-80ad-49b1a6f545c7",
              "isHook": false,
              "skipped": false
            }
          ],
          "suites": [],
          "passes": [
            "01b1e34b-30c5-409a-9d61-3446d749fb4b",
            "f7895a5c-8553-4745-b719-4144536f44e7",
            "04b00777-9798-4737-82c4-ff65affed9f1"
          ],
          "failures": [],
          "pending": [],
          "skipped": [],
          "duration": 70272,
          "root": false,
          "rootEmpty": false,
          "_timeout": 2000
        }
      ],
      "passes": [],
      "failures": [],
      "pending": [],
      "skipped": [],
      "duration": 0,
      "root": true,
      "rootEmpty": true,
      "_timeout": 2000
    }
  ],
  "meta": {
    "mocha": {
      "version": "7.0.1"
    },
    "mochawesome": {
      "options": {
        "quiet": false,
        "reportFilename": "mochawesome",
        "saveHtml": true,
        "saveJson": true,
        "consoleReporter": "spec",
        "useInlineDiffs": false,
        "code": true
      },
      "version": "7.1.3"
    },
    "marge": {
      "options": null,
      "version": "6.2.0"
    }
  }
}